February 14, 2008, 12:30 pm	0.12437391281128s	GET	/	815 KB
February 14, 2008, 12:30 pm	0.00644612312317s	GET	/favicon.ico	813 KB
February 14, 2008, 12:30 pm	0.00287508964539s	GET	/login	813 KB
February 14, 2008, 2:24 pm	0.00197219848633s	GET	/	95 KB
February 14, 2008, 2:29 pm	0.04813289642334s	GET	/	493 KB
February 14, 2008, 2:30 pm	0.02784299850464s	GET	/	493 KB
February 14, 2008, 2:30 pm	0.01535177230835s	GET	/	493 KB
February 14, 2008, 2:30 pm	0.70590782165527s	GET	/	706 KB
February 14, 2008, 2:30 pm	0.03802800178528s	GET	/?==	706 KB
February 14, 2008, 2:33 pm	0.19865107536316s	GET	/?==	710 KB
February 14, 2008, 2:34 pm	0.00637912750244s	GET	/?==	99 KB
February 14, 2008, 2:34 pm	0.09418296813965s	GET	/?==	710 KB
February 14, 2008, 2:35 pm	0.00596499443054s	GET	/?==	99 KB
February 14, 2008, 2:35 pm	0.50201916694641s	GET	/?==	711 KB
February 14, 2008, 2:35 pm	0.02562212944031s	GET	/?==	711 KB
February 14, 2008, 2:36 pm	0.00320887565613s	GET	/?==	145 KB
February 14, 2008, 2:36 pm	0.03938794136047s	GET	/?==	711 KB
February 14, 2008, 2:36 pm	0.07895994186401s	GET	/?==	711 KB
February 14, 2008, 2:36 pm	0.00576615333557s	GET	/?==	145 KB
February 14, 2008, 2:36 pm	0.03638505935669s	GET	/?==	711 KB
February 14, 2008, 2:36 pm	0.08299303054810s	GET	/?	711 KB
February 14, 2008, 2:37 pm	0.08631396293640s	GET	/?	710 KB
